<?xml version="1.0" encoding="UTF-8"?><testsuite errors="0" failures="1" name="Busqueda exitosa con datos extraídos de un xlsx" skipped="0" tests="1" time="99.42" timestamp="2022-02-18 07:29:12"><testcase name="Buscar en linio"><failure message="expected:&lt;[$]2.236.990&gt; but was:&lt;[]2.236.990&gt;" type="java.lang.AssertionError">expected:&lt;[$]2.236.990&gt; but was:&lt;[]2.236.990&gt;</failure><system-err>expected:&lt;[$]2.236.990&gt; but was:&lt;[]2.236.990&gt;&#13;
steps.LinioStep.validar(LinioStep.java:103)&#13;
stepDefinitions.LinioStepDefinition.haceLaBusquedaYMeMuestraResultados(LinioStepDefinition.java:35)&#13;
✽.hace la busqueda y me muestra resultados(src/test/resources/features/linioBusq.feature:7)&#13;
</system-err></testcase></testsuite>